{"level":"info","message":"Objet enregistré !","timestamp":"2021-08-31T19:10:06.754Z"}
{"level":"info","message":"Objet enregistré !","timestamp":"2021-08-31T19:37:42.961Z"}
{"level":"info","message":"reussir a lire tous","timestamp":"2021-08-31T19:40:32.680Z"}
{"level":"info","message":"Ok!","timestamp":"2021-08-31T19:42:28.990Z"}
{"level":"info","message":"Objet modifié !","timestamp":"2021-08-31T19:43:33.097Z"}
{"level":"info","message":"Objet supprime!","timestamp":"2021-08-31T19:47:26.285Z"}
{"level":"info","message":"Objet enregistré !","timestamp":"2021-08-31T19:47:50.359Z"}
{"level":"info","message":"Objet supprime!","timestamp":"2021-08-31T19:51:19.891Z"}
{"level":"info","message":"Objet enregistré !","timestamp":"2021-08-31T19:58:42.546Z"}
{"level":"info","message":"Objet modifié !","timestamp":"2021-08-31T19:59:07.271Z"}
{"level":"info","message":"Objet supprime!","timestamp":"2021-08-31T19:59:18.436Z"}
{"level":"info","message":"Objet enregistré !","timestamp":"2021-08-31T19:59:35.764Z"}
{"level":"info","message":"Objet supprime!","timestamp":"2021-08-31T20:00:05.323Z"}
{"level":"info","message":"le mot de passe est très faible","timestamp":"2021-08-31T20:03:35.089Z"}
{"level":"info","message":"un utilisateur créé !","timestamp":"2021-08-31T20:06:33.210Z"}
{"level":"info","message":"un utilisateur créé !","timestamp":"2021-08-31T20:08:07.033Z"}
{"errors":{"email":{"name":"ValidatorError","message":"Error, expected `email` to be unique. Value: `3ff83ce88b9bbd7b5d9b033c20ab4bcffded1646`","properties":{"message":"Error, expected `email` to be unique. Value: `3ff83ce88b9bbd7b5d9b033c20ab4bcffded1646`","type":"unique","path":"email","value":"3ff83ce88b9bbd7b5d9b033c20ab4bcffded1646"},"kind":"unique","path":"email","value":"3ff83ce88b9bbd7b5d9b033c20ab4bcffded1646"}},"_message":"User validation failed","level":"info","timestamp":"2021-08-31T20:09:14.698Z"}
{"level":"info","message":"Utilisateur non trouvé !","timestamp":"2021-08-31T20:14:34.844Z"}
{"level":"info","message":"Mot de passe incorrect !","timestamp":"2021-08-31T20:16:34.186Z"}
{"level":"info","message":"Mot de passe incorrect !","timestamp":"2021-08-31T20:19:41.627Z"}
{"level":"info","message":"Utilisateur non trouvé !","timestamp":"2021-08-31T20:19:52.624Z"}
{"level":"info","message":"le mot de passe est très faible","timestamp":"2021-08-31T20:20:21.260Z"}
{"level":"info","message":"un utilisateur créé !","timestamp":"2021-08-31T20:20:34.955Z"}
{"level":"info","message":"un utilisateur créé !","timestamp":"2021-08-31T20:47:27.751Z"}
{"level":"info","message":"un utilisateur créé !","timestamp":"2021-08-31T20:47:43.148Z"}
{"level":"info","message":"un utilisateur créé !","timestamp":"2021-08-31T20:47:58.466Z"}
{"level":"info","message":"Objet enregistré !","timestamp":"2021-08-31T20:50:09.127Z"}
{"level":"info","message":"Objet enregistré !","timestamp":"2021-08-31T20:51:23.560Z"}
{"level":"info","message":"Objet enregistré !","timestamp":"2021-08-31T20:52:21.962Z"}
{"level":"info","message":"Mot de passe incorrect !","timestamp":"2021-08-31T20:52:59.495Z"}
{"level":"info","message":"Utilisateur non trouvé !","timestamp":"2021-08-31T20:53:10.931Z"}
{"level":"info","message":"Objet modifié !","timestamp":"2021-08-31T20:55:24.518Z"}
{"level":"info","message":"Mot de passe incorrect !","timestamp":"2021-08-31T21:01:42.979Z"}
{"level":"info","message":"Utilisateur non trouvé !","timestamp":"2021-08-31T21:01:54.048Z"}
{"level":"info","message":"Utilisateur non trouvé !","timestamp":"2021-08-31T21:02:27.276Z"}
{"level":"info","message":"le mot de passe est très faible","timestamp":"2021-08-31T21:02:51.914Z"}
{"level":"info","message":"Objet modifié !","timestamp":"2021-09-01T07:08:30.970Z"}
{"level":"info","message":"Mot de passe incorrect !","timestamp":"2021-09-01T07:42:33.706Z"}
{"level":"info","message":"Mot de passe incorrect !","timestamp":"2021-09-01T07:42:44.653Z"}
{"level":"info","message":"Objet enregistré !","timestamp":"2021-09-01T07:43:53.748Z"}
{"level":"info","message":"Objet modifié !","timestamp":"2021-09-01T07:44:18.414Z"}
{"level":"info","message":"Objet supprime!","timestamp":"2021-09-01T07:44:23.927Z"}
{"errors":{"email":{"name":"ValidatorError","message":"Error, expected `email` to be unique. Value: `3ff83ce88b9bbd7b5d9b033c20ab4bcffded1646`","properties":{"message":"Error, expected `email` to be unique. Value: `3ff83ce88b9bbd7b5d9b033c20ab4bcffded1646`","type":"unique","path":"email","value":"3ff83ce88b9bbd7b5d9b033c20ab4bcffded1646"},"kind":"unique","path":"email","value":"3ff83ce88b9bbd7b5d9b033c20ab4bcffded1646"}},"_message":"User validation failed","level":"info","timestamp":"2021-09-01T09:46:14.040Z"}
{"level":"info","message":"Objet modifié !","timestamp":"2021-09-01T09:52:25.136Z"}
{"level":"info","message":"le mot de passe est très faible","timestamp":"2021-09-01T16:50:11.254Z"}
{"level":"info","message":"un utilisateur créé !","timestamp":"2021-09-01T16:50:29.960Z"}
{"level":"info","message":"Objet enregistré !","timestamp":"2021-09-01T16:51:50.154Z"}
{"level":"info","message":"Objet modifié !","timestamp":"2021-09-01T16:52:19.127Z"}
{"level":"info","message":"Objet supprime!","timestamp":"2021-09-01T16:52:27.845Z"}
{"level":"info","message":"Utilisateur non trouvé !","timestamp":"2021-09-01T16:53:06.369Z"}
{"level":"info","message":"Utilisateur non trouvé !","timestamp":"2021-09-01T16:53:14.748Z"}
{"level":"info","message":"Objet enregistré !","timestamp":"2021-09-01T17:27:19.357Z"}
{"level":"info","message":"Objet modifié !","timestamp":"2021-09-01T17:27:41.737Z"}
{"level":"info","message":"Objet supprime!","timestamp":"2021-09-01T17:27:48.674Z"}
